<?xml version="1.0" encoding="UTF-8"?>
<testng-results ignored="0" total="1" passed="1" failed="0" skipped="0">
  <reporter-output>
  </reporter-output>
  <suite started-at="2023-10-03T19:25:47 BRT" name="Suite1" finished-at="2023-10-03T19:25:54 BRT" duration-ms="7282">
    <groups>
    </groups>
    <test started-at="2023-10-03T19:25:47 BRT" name="API REST TESTS" finished-at="2023-10-03T19:25:54 BRT" duration-ms="7282">
      <class name="test.api.GithubTestApi">
        <test-method signature="shouldReturnTheListOfRepositoriesInGitHubOrganization()[pri:0, instance:test.api.GithubTestApi@3bb9a3ff]" started-at="2023-10-03T19:25:47 BRT" name="shouldReturnTheListOfRepositoriesInGitHubOrganization" finished-at="2023-10-03T19:25:54 BRT" duration-ms="7220" status="PASS">
          <reporter-output>
          </reporter-output>
        </test-method> <!-- shouldReturnTheListOfRepositoriesInGitHubOrganization -->
      </class> <!-- test.api.GithubTestApi -->
    </test> <!-- API REST TESTS -->
  </suite> <!-- Suite1 -->
</testng-results>
